{"level":"warn","message":"Ruta /api/mensajes y metodo GET no implementada"}
{"level":"warn","message":"Ruta /favicon.ico y metodo GET no implementada"}
{"level":"warn","message":"Ruta /info/css/style.css y metodo GET no implementada"}
{"level":"warn","message":"Ruta /info/css/style.css y metodo GET no implementada"}
{"level":"warn","message":"Ruta /homeasd y metodo GET no implementada"}
{"level":"warn","message":"Ruta /info/css/style.css y metodo GET no implementada"}
{"level":"warn","message":"Ruta /info/css/style.css y metodo GET no implementada"}
{"level":"warn","message":"Ruta /api/mensajes/22 y metodo PUT no implementada"}
{"level":"warn","message":"Ruta /favicon.ico y metodo GET no implementada"}
{"level":"warn","message":"Ruta /api/css/style.css y metodo GET no implementada"}
{"level":"warn","message":"Ruta /api/css/style.css y metodo GET no implementada"}
{"level":"warn","message":"Ruta /api/css/style.css y metodo GET no implementada"}
{"level":"warn","message":"Ruta /api/css/style.css y metodo GET no implementada"}
{"level":"warn","message":"Ruta /api/css/style.css y metodo GET no implementada"}
{"level":"warn","message":"Ruta /api/css/style.css y metodo GET no implementada"}
{"level":"warn","message":"Ruta /api/css/style.css y metodo GET no implementada"}
{"level":"warn","message":"Ruta /api/css/style.css y metodo GET no implementada"}
{"level":"warn","message":"Ruta /js/fetch.mockprod.js y metodo GET no implementada"}
{"level":"warn","message":"Ruta /api/css/style.css y metodo GET no implementada"}
{"level":"warn","message":"Ruta /api/css/style.css y metodo GET no implementada"}
{"level":"warn","message":"Ruta /js/mockprod.js y metodo GET no implementada"}
{"level":"warn","message":"Ruta /api/css/style.css y metodo GET no implementada"}
{"level":"warn","message":"Ruta /js/mockprod.js y metodo GET no implementada"}
{"level":"warn","message":"Ruta /api/css/style.css y metodo GET no implementada"}
{"level":"warn","message":"Ruta /js/mockprod.js y metodo GET no implementada"}
{"level":"warn","message":"Ruta /api/css/style.css y metodo GET no implementada"}
{"level":"warn","message":"Ruta /js/mockprod.js y metodo GET no implementada"}
{"level":"warn","message":"Ruta /api/css/style.css y metodo GET no implementada"}
{"level":"warn","message":"Ruta /js/mockprod.js y metodo GET no implementada"}
{"level":"warn","message":"Ruta /api/css/style.css y metodo GET no implementada"}
{"level":"warn","message":"Ruta /js/mockprod.js y metodo GET no implementada"}
{"level":"warn","message":"Ruta /productos y metodo POST no implementada"}
{"level":"warn","message":"Ruta /api/css/style.css y metodo GET no implementada"}
{"level":"warn","message":"Ruta /js/mockprod.js y metodo GET no implementada"}
{"level":"warn","message":"Ruta /api/css/style.css y metodo GET no implementada"}
{"level":"warn","message":"Ruta /api/css/style.css y metodo GET no implementada"}
{"level":"warn","message":"Ruta /api/pruductos y metodo GET no implementada"}
{"level":"warn","message":"Ruta /api/css/style.css y metodo GET no implementada"}
{"level":"warn","message":"Ruta /api/mensajes-test y metodo GET no implementada"}
{"level":"warn","message":"Ruta /api/css/style.css y metodo GET no implementada"}
{"level":"warn","message":"Ruta /api/asdas y metodo GET no implementada - fyh: 15/8/2022, 6:56:27 "}
{"level":"warn","message":"Ruta /info/css/style.css y metodo GET no implementada - fyh: 17/8/2022, 15:03:40 "}
{"level":"warn","message":"Ruta /infoasdad y metodo GET no implementada - fyh: 17/8/2022, 15:03:46 "}
{"level":"warn","message":"Ruta / y metodo POST no implementada - fyh: 17/8/2022, 15:04:09 "}
{"level":"warn","message":"Ruta /socket.io/socket.io.js y metodo GET no implementada - fyh: 17/8/2022, 16:02:00 "}
{"level":"warn","message":"Ruta /api/css/style.css y metodo GET no implementada - fyh: 17/8/2022, 18:41:32 "}
